[debug] [2025-06-26T05:32:41.819Z] ----------------------------------------------------------------------
[debug] [2025-06-26T05:32:41.822Z] Command:       C:\Program Files\nodejs\node.exe C:\Users\home\AppData\Roaming\npm\node_modules\firebase-tools\lib\bin\firebase.js deploy
[debug] [2025-06-26T05:32:41.823Z] CLI Version:   13.32.0
[debug] [2025-06-26T05:32:41.823Z] Platform:      win32
[debug] [2025-06-26T05:32:41.823Z] Node Version:  v20.17.0
[debug] [2025-06-26T05:32:41.823Z] Time:          Thu Jun 26 2025 14:32:41 GMT+0900 (대한민국 표준시)
[debug] [2025-06-26T05:32:41.823Z] ----------------------------------------------------------------------
[debug] 
[debug] [2025-06-26T05:32:42.004Z] > command requires scopes: ["email","openid","https://www.googleapis.com/auth/cloudplatformprojects.readonly","https://www.googleapis.com/auth/firebase","https://www.googleapis.com/auth/cloud-platform"]
[debug] [2025-06-26T05:32:42.005Z] > authorizing via signed-in user (necokumo23@gmail.com)
[debug] [2025-06-26T05:32:42.005Z] [iam] checking project necokumo-c21e3 for permissions ["cloudfunctions.functions.create","cloudfunctions.functions.delete","cloudfunctions.functions.get","cloudfunctions.functions.list","cloudfunctions.functions.update","cloudfunctions.operations.get","datastore.indexes.create","datastore.indexes.delete","datastore.indexes.list","datastore.indexes.update","firebase.projects.get","firebasehosting.sites.update","firebaserules.releases.create","firebaserules.releases.update","firebaserules.rulesets.create"]
[debug] [2025-06-26T05:32:42.006Z] Checked if tokens are valid: true, expires at: 1750919405560
[debug] [2025-06-26T05:32:42.007Z] Checked if tokens are valid: true, expires at: 1750919405560
[debug] [2025-06-26T05:32:42.008Z] >>> [apiv2][query] POST https://cloudresourcemanager.googleapis.com/v1/projects/necokumo-c21e3:testIamPermissions [none]
[debug] [2025-06-26T05:32:42.008Z] >>> [apiv2][(partial)header] POST https://cloudresourcemanager.googleapis.com/v1/projects/necokumo-c21e3:testIamPermissions x-goog-quota-user=projects/necokumo-c21e3
[debug] [2025-06-26T05:32:42.008Z] >>> [apiv2][body] POST https://cloudresourcemanager.googleapis.com/v1/projects/necokumo-c21e3:testIamPermissions {"permissions":["cloudfunctions.functions.create","cloudfunctions.functions.delete","cloudfunctions.functions.get","cloudfunctions.functions.list","cloudfunctions.functions.update","cloudfunctions.operations.get","datastore.indexes.create","datastore.indexes.delete","datastore.indexes.list","datastore.indexes.update","firebase.projects.get","firebasehosting.sites.update","firebaserules.releases.create","firebaserules.releases.update","firebaserules.rulesets.create"]}
[debug] [2025-06-26T05:32:42.865Z] <<< [apiv2][status] POST https://cloudresourcemanager.googleapis.com/v1/projects/necokumo-c21e3:testIamPermissions 200
[debug] [2025-06-26T05:32:42.865Z] <<< [apiv2][body] POST https://cloudresourcemanager.googleapis.com/v1/projects/necokumo-c21e3:testIamPermissions {"permissions":["cloudfunctions.functions.create","cloudfunctions.functions.delete","cloudfunctions.functions.get","cloudfunctions.functions.list","cloudfunctions.functions.update","cloudfunctions.operations.get","datastore.indexes.create","datastore.indexes.delete","datastore.indexes.list","datastore.indexes.update","firebase.projects.get","firebasehosting.sites.update","firebaserules.releases.create","firebaserules.releases.update","firebaserules.rulesets.create"]}
[debug] [2025-06-26T05:32:42.866Z] Checked if tokens are valid: true, expires at: 1750919405560
[debug] [2025-06-26T05:32:42.866Z] Checked if tokens are valid: true, expires at: 1750919405560
[debug] [2025-06-26T05:32:42.866Z] >>> [apiv2][query] POST https://iam.googleapis.com/v1/projects/necokumo-c21e3/serviceAccounts/necokumo-c21e3@appspot.gserviceaccount.com:testIamPermissions [none]
[debug] [2025-06-26T05:32:42.866Z] >>> [apiv2][body] POST https://iam.googleapis.com/v1/projects/necokumo-c21e3/serviceAccounts/necokumo-c21e3@appspot.gserviceaccount.com:testIamPermissions {"permissions":["iam.serviceAccounts.actAs"]}
[debug] [2025-06-26T05:32:43.984Z] <<< [apiv2][status] POST https://iam.googleapis.com/v1/projects/necokumo-c21e3/serviceAccounts/necokumo-c21e3@appspot.gserviceaccount.com:testIamPermissions 404
[debug] [2025-06-26T05:32:43.984Z] <<< [apiv2][body] POST https://iam.googleapis.com/v1/projects/necokumo-c21e3/serviceAccounts/necokumo-c21e3@appspot.gserviceaccount.com:testIamPermissions {"error":{"code":404,"message":"Unknown service account","status":"NOT_FOUND"}}
[debug] [2025-06-26T05:32:43.985Z] [functions] service account IAM check errored, deploy may fail: Request to https://iam.googleapis.com/v1/projects/necokumo-c21e3/serviceAccounts/necokumo-c21e3@appspot.gserviceaccount.com:testIamPermissions had HTTP Error: 404, Unknown service account {"name":"FirebaseError","children":[],"context":{"body":{"error":{"code":404,"message":"Unknown service account","status":"NOT_FOUND"}},"response":{"statusCode":404}},"exit":1,"message":"Request to https://iam.googleapis.com/v1/projects/necokumo-c21e3/serviceAccounts/necokumo-c21e3@appspot.gserviceaccount.com:testIamPermissions had HTTP Error: 404, Unknown service account","status":404}
[debug] [2025-06-26T05:32:43.987Z] Checked if tokens are valid: true, expires at: 1750919405560
[debug] [2025-06-26T05:32:43.987Z] Checked if tokens are valid: true, expires at: 1750919405560
[debug] [2025-06-26T05:32:43.988Z] >>> [apiv2][query] GET https://firebase.googleapis.com/v1beta1/projects/necokumo-c21e3 [none]
[debug] [2025-06-26T05:32:44.385Z] <<< [apiv2][status] GET https://firebase.googleapis.com/v1beta1/projects/necokumo-c21e3 200
[debug] [2025-06-26T05:32:44.386Z] <<< [apiv2][body] GET https://firebase.googleapis.com/v1beta1/projects/necokumo-c21e3 {"projectId":"necokumo-c21e3","projectNumber":"334611024410","displayName":"necokumo","name":"projects/necokumo-c21e3","resources":{"hostingSite":"necokumo-c21e3","realtimeDatabaseInstance":"necokumo-c21e3-default-rtdb"},"state":"ACTIVE","etag":"1_46a6d707-9b4b-4c7b-a609-23bec8a9fa28"}
[info] 
[info] === Deploying to 'necokumo-c21e3'...
[info] 
[info] i  deploying storage, firestore, functions, hosting 
[info] i  storage: ensuring required API firebasestorage.googleapis.com is enabled... 
[debug] [2025-06-26T05:32:44.389Z] Checked if tokens are valid: true, expires at: 1750919405560
[debug] [2025-06-26T05:32:44.390Z] Checked if tokens are valid: true, expires at: 1750919405560
[debug] [2025-06-26T05:32:44.390Z] >>> [apiv2][query] GET https://serviceusage.googleapis.com/v1/projects/necokumo-c21e3/services/firebasestorage.googleapis.com [none]
[debug] [2025-06-26T05:32:44.390Z] >>> [apiv2][(partial)header] GET https://serviceusage.googleapis.com/v1/projects/necokumo-c21e3/services/firebasestorage.googleapis.com x-goog-quota-user=projects/necokumo-c21e3
[debug] [2025-06-26T05:32:45.561Z] <<< [apiv2][status] GET https://serviceusage.googleapis.com/v1/projects/necokumo-c21e3/services/firebasestorage.googleapis.com 200
[debug] [2025-06-26T05:32:45.562Z] <<< [apiv2][body] GET https://serviceusage.googleapis.com/v1/projects/necokumo-c21e3/services/firebasestorage.googleapis.com [omitted]
[info] +  storage: required API firebasestorage.googleapis.com is enabled 
[debug] [2025-06-26T05:32:45.563Z] Checked if tokens are valid: true, expires at: 1750919405560
[debug] [2025-06-26T05:32:45.563Z] Checked if tokens are valid: true, expires at: 1750919405560
[debug] [2025-06-26T05:32:45.563Z] >>> [apiv2][query] GET https://firebasestorage.googleapis.com/v1alpha/projects/necokumo-c21e3/defaultBucket [none]
[debug] [2025-06-26T05:32:46.517Z] <<< [apiv2][status] GET https://firebasestorage.googleapis.com/v1alpha/projects/necokumo-c21e3/defaultBucket 200
[debug] [2025-06-26T05:32:46.517Z] <<< [apiv2][body] GET https://firebasestorage.googleapis.com/v1alpha/projects/necokumo-c21e3/defaultBucket {"name":"projects/necokumo-c21e3/defaultBucket","location":"US-CENTRAL1","bucket":{"name":"projects/necokumo-c21e3/buckets/necokumo-c21e3.firebasestorage.app"},"storageClass":"REGIONAL"}
[info] i  firebase.storage: checking storage.rules for compilation errors... 
[debug] [2025-06-26T05:32:46.519Z] Checked if tokens are valid: true, expires at: 1750919405560
[debug] [2025-06-26T05:32:46.519Z] Checked if tokens are valid: true, expires at: 1750919405560
[debug] [2025-06-26T05:32:46.519Z] >>> [apiv2][query] POST https://firebaserules.googleapis.com/v1/projects/necokumo-c21e3:test [none]
[debug] [2025-06-26T05:32:46.519Z] >>> [apiv2][body] POST https://firebaserules.googleapis.com/v1/projects/necokumo-c21e3:test [omitted]
[debug] [2025-06-26T05:32:47.069Z] <<< [apiv2][status] POST https://firebaserules.googleapis.com/v1/projects/necokumo-c21e3:test 200
[debug] [2025-06-26T05:32:47.070Z] <<< [apiv2][body] POST https://firebaserules.googleapis.com/v1/projects/necokumo-c21e3:test {}
[info] +  firebase.storage: rules file storage.rules compiled successfully 
[info] i  firestore: reading indexes from firestore.indexes.json... 
[info] i  cloud.firestore: checking firestore.rules for compilation errors... 
[debug] [2025-06-26T05:32:47.075Z] Checked if tokens are valid: true, expires at: 1750919405560
[debug] [2025-06-26T05:32:47.075Z] Checked if tokens are valid: true, expires at: 1750919405560
[debug] [2025-06-26T05:32:47.075Z] >>> [apiv2][query] POST https://firebaserules.googleapis.com/v1/projects/necokumo-c21e3:test [none]
[debug] [2025-06-26T05:32:47.075Z] >>> [apiv2][body] POST https://firebaserules.googleapis.com/v1/projects/necokumo-c21e3:test [omitted]
[debug] [2025-06-26T05:32:48.070Z] <<< [apiv2][status] POST https://firebaserules.googleapis.com/v1/projects/necokumo-c21e3:test 200
[debug] [2025-06-26T05:32:48.070Z] <<< [apiv2][body] POST https://firebaserules.googleapis.com/v1/projects/necokumo-c21e3:test {}
[info] +  cloud.firestore: rules file firestore.rules compiled successfully 
[debug] [2025-06-26T05:32:48.072Z] Checked if tokens are valid: true, expires at: 1750919405560
[debug] [2025-06-26T05:32:48.072Z] Checked if tokens are valid: true, expires at: 1750919405560
[debug] [2025-06-26T05:32:48.072Z] >>> [apiv2][query] GET https://cloudresourcemanager.googleapis.com/v1/projects/necokumo-c21e3 [none]
[debug] [2025-06-26T05:32:48.901Z] <<< [apiv2][status] GET https://cloudresourcemanager.googleapis.com/v1/projects/necokumo-c21e3 200
[debug] [2025-06-26T05:32:48.901Z] <<< [apiv2][body] GET https://cloudresourcemanager.googleapis.com/v1/projects/necokumo-c21e3 {"projectNumber":"334611024410","projectId":"necokumo-c21e3","lifecycleState":"ACTIVE","name":"necokumo","labels":{"firebase":"enabled","firebase-core":"disabled","generative-language":"enabled"},"createTime":"2025-05-21T04:51:43.511331Z"}
[info] i  functions: preparing codebase default for deployment 
[info] i  functions: ensuring required API cloudfunctions.googleapis.com is enabled... 
[debug] [2025-06-26T05:32:48.904Z] Checked if tokens are valid: true, expires at: 1750919405560
[debug] [2025-06-26T05:32:48.904Z] Checked if tokens are valid: true, expires at: 1750919405560
[debug] [2025-06-26T05:32:48.904Z] Checked if tokens are valid: true, expires at: 1750919405560
[debug] [2025-06-26T05:32:48.904Z] Checked if tokens are valid: true, expires at: 1750919405560
[info] i  functions: ensuring required API cloudbuild.googleapis.com is enabled... 
[debug] [2025-06-26T05:32:48.905Z] Checked if tokens are valid: true, expires at: 1750919405560
[debug] [2025-06-26T05:32:48.905Z] Checked if tokens are valid: true, expires at: 1750919405560
[info] i  artifactregistry: ensuring required API artifactregistry.googleapis.com is enabled... 
[debug] [2025-06-26T05:32:48.906Z] Checked if tokens are valid: true, expires at: 1750919405560
[debug] [2025-06-26T05:32:48.907Z] Checked if tokens are valid: true, expires at: 1750919405560
[debug] [2025-06-26T05:32:48.907Z] >>> [apiv2][query] GET https://serviceusage.googleapis.com/v1/projects/necokumo-c21e3/services/cloudfunctions.googleapis.com [none]
[debug] [2025-06-26T05:32:48.907Z] >>> [apiv2][(partial)header] GET https://serviceusage.googleapis.com/v1/projects/necokumo-c21e3/services/cloudfunctions.googleapis.com x-goog-quota-user=projects/necokumo-c21e3
[debug] [2025-06-26T05:32:48.908Z] >>> [apiv2][query] GET https://serviceusage.googleapis.com/v1/projects/necokumo-c21e3/services/runtimeconfig.googleapis.com [none]
[debug] [2025-06-26T05:32:48.908Z] >>> [apiv2][(partial)header] GET https://serviceusage.googleapis.com/v1/projects/necokumo-c21e3/services/runtimeconfig.googleapis.com x-goog-quota-user=projects/necokumo-c21e3
[debug] [2025-06-26T05:32:48.911Z] >>> [apiv2][query] GET https://serviceusage.googleapis.com/v1/projects/necokumo-c21e3/services/cloudbuild.googleapis.com [none]
[debug] [2025-06-26T05:32:48.911Z] >>> [apiv2][(partial)header] GET https://serviceusage.googleapis.com/v1/projects/necokumo-c21e3/services/cloudbuild.googleapis.com x-goog-quota-user=projects/necokumo-c21e3
[debug] [2025-06-26T05:32:48.913Z] >>> [apiv2][query] GET https://serviceusage.googleapis.com/v1/projects/necokumo-c21e3/services/artifactregistry.googleapis.com [none]
[debug] [2025-06-26T05:32:48.913Z] >>> [apiv2][(partial)header] GET https://serviceusage.googleapis.com/v1/projects/necokumo-c21e3/services/artifactregistry.googleapis.com x-goog-quota-user=projects/necokumo-c21e3
[debug] [2025-06-26T05:32:49.182Z] <<< [apiv2][status] GET https://serviceusage.googleapis.com/v1/projects/necokumo-c21e3/services/cloudfunctions.googleapis.com 200
[debug] [2025-06-26T05:32:49.183Z] <<< [apiv2][body] GET https://serviceusage.googleapis.com/v1/projects/necokumo-c21e3/services/cloudfunctions.googleapis.com [omitted]
[info] +  functions: required API cloudfunctions.googleapis.com is enabled 
[debug] [2025-06-26T05:32:49.997Z] <<< [apiv2][status] GET https://serviceusage.googleapis.com/v1/projects/necokumo-c21e3/services/runtimeconfig.googleapis.com 200
[debug] [2025-06-26T05:32:49.997Z] <<< [apiv2][body] GET https://serviceusage.googleapis.com/v1/projects/necokumo-c21e3/services/runtimeconfig.googleapis.com [omitted]
[debug] [2025-06-26T05:32:50.032Z] <<< [apiv2][status] GET https://serviceusage.googleapis.com/v1/projects/necokumo-c21e3/services/artifactregistry.googleapis.com 200
[debug] [2025-06-26T05:32:50.032Z] <<< [apiv2][body] GET https://serviceusage.googleapis.com/v1/projects/necokumo-c21e3/services/artifactregistry.googleapis.com [omitted]
[info] +  artifactregistry: required API artifactregistry.googleapis.com is enabled 
[debug] [2025-06-26T05:32:50.044Z] <<< [apiv2][status] GET https://serviceusage.googleapis.com/v1/projects/necokumo-c21e3/services/cloudbuild.googleapis.com 200
[debug] [2025-06-26T05:32:50.045Z] <<< [apiv2][body] GET https://serviceusage.googleapis.com/v1/projects/necokumo-c21e3/services/cloudbuild.googleapis.com [omitted]
[info] +  functions: required API cloudbuild.googleapis.com is enabled 
[debug] [2025-06-26T05:32:50.046Z] Checked if tokens are valid: true, expires at: 1750919405560
[debug] [2025-06-26T05:32:50.046Z] Checked if tokens are valid: true, expires at: 1750919405560
[debug] [2025-06-26T05:32:50.047Z] >>> [apiv2][query] GET https://firebase.googleapis.com/v1beta1/projects/necokumo-c21e3/adminSdkConfig [none]
[debug] [2025-06-26T05:32:50.794Z] <<< [apiv2][status] GET https://firebase.googleapis.com/v1beta1/projects/necokumo-c21e3/adminSdkConfig 200
[debug] [2025-06-26T05:32:50.794Z] <<< [apiv2][body] GET https://firebase.googleapis.com/v1beta1/projects/necokumo-c21e3/adminSdkConfig {"projectId":"necokumo-c21e3","databaseURL":"https://necokumo-c21e3-default-rtdb.asia-southeast1.firebasedatabase.app","storageBucket":"necokumo-c21e3.firebasestorage.app"}
[debug] [2025-06-26T05:32:50.795Z] Checked if tokens are valid: true, expires at: 1750919405560
[debug] [2025-06-26T05:32:50.795Z] Checked if tokens are valid: true, expires at: 1750919405560
[debug] [2025-06-26T05:32:50.796Z] >>> [apiv2][query] GET https://runtimeconfig.googleapis.com/v1beta1/projects/necokumo-c21e3/configs [none]
[debug] [2025-06-26T05:32:51.249Z] <<< [apiv2][status] GET https://runtimeconfig.googleapis.com/v1beta1/projects/necokumo-c21e3/configs 200
[debug] [2025-06-26T05:32:51.249Z] <<< [apiv2][body] GET https://runtimeconfig.googleapis.com/v1beta1/projects/necokumo-c21e3/configs {}
[debug] [2025-06-26T05:32:51.253Z] Validating nodejs source
[debug] [2025-06-26T05:32:52.154Z] > [functions] package.json contents: {
  "name": "functions",
  "description": "Cloud Functions for Firebase",
  "scripts": {
    "serve": "firebase emulators:start --only functions",
    "shell": "firebase functions:shell",
    "start": "npm run shell",
    "deploy": "firebase deploy --only functions",
    "logs": "firebase functions:log"
  },
  "engines": {
    "node": "22"
  },
  "main": "index.js",
  "dependencies": {
    "firebase-admin": "^12.6.0",
    "firebase-functions": "^6.0.1",
    "node-fetch": "^3.3.2"
  },
  "devDependencies": {
    "firebase-functions-test": "^3.1.0"
  },
  "private": true
}
[debug] [2025-06-26T05:32:52.154Z] Building nodejs source
[info] i  functions: Loading and analyzing source code for codebase default to determine what to deploy 
[debug] [2025-06-26T05:32:52.157Z] Could not find functions.yaml. Must use http discovery
[debug] [2025-06-26T05:32:52.172Z] Found firebase-functions binary at 'C:\Users\home\necokumo\functions\node_modules\.bin\firebase-functions'
[info] Serving at port 8150

[error] Error [ERR_REQUIRE_ESM]: require() of ES Module C:\Users\home\necokumo\functions\node_modules\node-fetch\src\index.js from C:\Users\home\necokumo\functions\index.js not supported.
Instead change the require of C:\Users\home\necokumo\functions\node_modules\node-fetch\src\index.js in C:\Users\home\necokumo\functions\index.js to a dynamic import() which is available in all CommonJS modules.
    at Object.<anonymous> (C:\Users\home\necokumo\functions\index.js:2:15) {
  code: 'ERR_REQUIRE_ESM'
}

[debug] [2025-06-26T05:32:52.541Z] Got response code 400; body Failed to generate manifest from function source: Error [ERR_REQUIRE_ESM]: require() of ES Module C:\Users\home\necokumo\functions\node_modules\node-fetch\src\index.js from C:\Users\home\necokumo\functions\index.js not supported.
Instead change the require of C:\Users\home\necokumo\functions\node_modules\node-fetch\src\index.js in C:\Users\home\necokumo\functions\index.js to a dynamic import() which is available in all CommonJS modules.
